[info] Unified streaming manager started with max_streams: 100
[info] Running TheMaestroWeb.Endpoint with Bandit 1.7.0 at 127.0.0.1:4000 (http)
[info] Access TheMaestroWeb.Endpoint at http://localhost:4000
[debug] Downloading tailwind from https://github.com/tailwindlabs/tailwindcss/releases/download/v3.4.3/tailwindcss-macos-arm64
[debug] Downloading esbuild from https://registry.npmjs.org/@esbuild/darwin-arm64/0.17.11
[watch] build finished, watching for changes...
[info] GET /oauth2callback
[debug] Processing with TheMaestroWeb.OAuthController.callback/2
  Parameters: %{"authuser" => "0", "code" => "4/0AVMBsJiJ7VomREgtQ9ZO7BcYFy19MKhPb_TEAOmPUUwLnzPA114dqbMlTBKQCDzcG8NqZg", "prompt" => "consent", "scope" => "email profile https://www.googleapis.com/auth/cloud-platform https://www.googleapis.com/auth/userinfo.email https://www.googleapis.com/auth/userinfo.profile openid", "state" => "JsZA6U0b80HMtedjdql8gzduh6TaKWSPRFA7aosmRnk"}
  Pipelines: [:oauth]
[info] OAuth callback received with params: ["authuser", "code", "prompt", "scope", "state"]
[info] Processing authorization code...

Rebuilding...
[info] OAuth credentials cached successfully
[info] OAuth flow completed successfully!
[info] Sent 200 in 322ms

Done in 240ms.
[debug] Live reload: priv/static/assets/app.css
[info] GET /oauth2callback
[debug] Processing with TheMaestroWeb.OAuthController.callback/2
  Parameters: %{"code" => "test_code", "state" => "test_state"}
  Pipelines: [:oauth]
[info] OAuth callback received with params: ["code", "state"]
[info] Processing authorization code...
[error] Failed to exchange authorization code: {:token_exchange_failed, 400, "{\n  \"error\": \"invalid_grant\",\n  \"error_description\": \"Malformed auth code.\"\n}"}
[info] Sent 400 in 39ms
[info] GET /oauth2callback
[debug] Processing with TheMaestroWeb.OAuthController.callback/2
  Parameters: %{"authuser" => "0", "code" => "4/0AVMBsJhaYIWm15WrxCaAJW7lhCn_nbLEApMAVyPF5pJxI8qbsV1HM2W6f2VdJZEBU1YS4A", "prompt" => "consent", "scope" => "email profile https://www.googleapis.com/auth/cloud-platform https://www.googleapis.com/auth/userinfo.email https://www.googleapis.com/auth/userinfo.profile openid", "state" => "6Z6LLx4RdeW4O1CAJpjAtFyMQAYpJ/T2xSP7+Tl4TYk"}
  Pipelines: [:oauth]
[info] OAuth callback received with params: ["authuser", "code", "prompt", "scope", "state"]
[info] Processing authorization code...
[info] OAuth credentials cached successfully
[info] OAuth flow completed successfully!
[info] Sent 200 in 270ms

Rebuilding...

Done in 173ms.
[debug] Live reload: lib/the_maestro_web/controllers/oauth_controller.ex
Compiling 2 files (.ex)
Generated the_maestro app
[info] GET /oauth2callback
[debug] Processing with TheMaestroWeb.OAuthController.callback/2
  Parameters: %{"authuser" => "0", "code" => "4/0AVMBsJiJ7VomREgtQ9ZO7BcYFy19MKhPb_TEAOmPUUwLnzPA114dqbMlTBKQCDzcG8NqZg", "prompt" => "consent", "scope" => "email profile https://www.googleapis.com/auth/cloud-platform https://www.googleapis.com/auth/userinfo.email https://www.googleapis.com/auth/userinfo.profile openid", "state" => "JsZA6U0b80HMtedjdql8gzduh6TaKWSPRFA7aosmRnk"}
  Pipelines: [:oauth]
[info] OAuth callback received with params: ["authuser", "code", "prompt", "scope", "state"]
[info] Processing authorization code...
[error] Failed to exchange authorization code: {:token_exchange_failed, 400, "{\n  \"error\": \"invalid_grant\",\n  \"error_description\": \"Bad Request\"\n}"}
[info] Sent 400 in 226ms

Rebuilding...

Done in 111ms.

Rebuilding...

Done in 20ms.

Rebuilding...

Done in 58ms.
